0 info it worked if it ends with ok
1 verbose cli [ '/usr/bin/node', '/usr/bin/npm', 'install' ]
2 info using npm@1.4.3
3 info using node@v0.10.26
4 warn package.json rito-pls@1.0.0 No description
5 warn package.json rito-pls@1.0.0 No repository field.
6 warn package.json rito-pls@1.0.0 No README data
7 verbose readDependencies using package.json deps
8 verbose install where, deps [ '/home/bruce/rito-pls',
8 verbose install   [ 'grunt',
8 verbose install     'grunt-contrib-uglify',
8 verbose install     'grunt-contrib-watch',
8 verbose install     'grunt-contrib-concat',
8 verbose install     'grunt-contrib-jshint',
8 verbose install     'grunt-contrib-quint',
8 verbose install     'grunt-contrib-qunit' ] ]
9 info preinstall rito-pls@1.0.0
10 verbose readDependencies using package.json deps
11 verbose already installed skipping grunt-contrib-watch@~0.5.3 /home/bruce/rito-pls
12 verbose already installed skipping grunt@~0.4.2 /home/bruce/rito-pls
13 verbose already installed skipping grunt-contrib-uglify@~0.2.4 /home/bruce/rito-pls
14 verbose already installed skipping grunt-contrib-concat@~0.4.0 /home/bruce/rito-pls
15 verbose already installed skipping grunt-contrib-jshint@~0.10.0 /home/bruce/rito-pls
16 verbose cache add [ 'grunt-contrib-quint@~0.5.0', null ]
17 verbose cache add name=undefined spec="grunt-contrib-quint@~0.5.0" args=["grunt-contrib-quint@~0.5.0",null]
18 verbose parsed url { protocol: null,
18 verbose parsed url   slashes: null,
18 verbose parsed url   auth: null,
18 verbose parsed url   host: null,
18 verbose parsed url   port: null,
18 verbose parsed url   hostname: null,
18 verbose parsed url   hash: null,
18 verbose parsed url   search: null,
18 verbose parsed url   query: null,
18 verbose parsed url   pathname: 'grunt-contrib-quint@~0.5.0',
18 verbose parsed url   path: 'grunt-contrib-quint@~0.5.0',
18 verbose parsed url   href: 'grunt-contrib-quint@~0.5.0' }
19 verbose cache add name="grunt-contrib-quint" spec="~0.5.0" args=["grunt-contrib-quint","~0.5.0"]
20 verbose parsed url { protocol: null,
20 verbose parsed url   slashes: null,
20 verbose parsed url   auth: null,
20 verbose parsed url   host: null,
20 verbose parsed url   port: null,
20 verbose parsed url   hostname: null,
20 verbose parsed url   hash: null,
20 verbose parsed url   search: null,
20 verbose parsed url   query: null,
20 verbose parsed url   pathname: '~0.5.0',
20 verbose parsed url   path: '~0.5.0',
20 verbose parsed url   href: '~0.5.0' }
21 verbose addNamed [ 'grunt-contrib-quint', '~0.5.0' ]
22 verbose addNamed [ null, '>=0.5.0-0 <0.6.0-0' ]
23 verbose already installed skipping grunt-contrib-qunit@^0.4.0 /home/bruce/rito-pls
24 silly lockFile 390d7b6a-grunt-contrib-quint-0-5-0 grunt-contrib-quint@~0.5.0
25 verbose lock grunt-contrib-quint@~0.5.0 /home/bruce/.npm/390d7b6a-grunt-contrib-quint-0-5-0.lock
26 silly addNameRange { name: 'grunt-contrib-quint',
26 silly addNameRange   range: '>=0.5.0-0 <0.6.0-0',
26 silly addNameRange   hasData: false }
27 verbose url raw grunt-contrib-quint
28 verbose url resolving [ 'https://registry.npmjs.org/', './grunt-contrib-quint' ]
29 verbose url resolved https://registry.npmjs.org/grunt-contrib-quint
30 info trying registry request attempt 1 at 10:44:50
31 http GET https://registry.npmjs.org/grunt-contrib-quint
32 http 404 https://registry.npmjs.org/grunt-contrib-quint
33 silly registry.get cb [ 404,
33 silly registry.get   { date: 'Sun, 27 Apr 2014 01:44:50 GMT',
33 silly registry.get     server: 'CouchDB/1.5.0 (Erlang OTP/R14B04)',
33 silly registry.get     'content-type': 'application/json',
33 silly registry.get     via: '1.1 varnish',
33 silly registry.get     'cache-control': 'max-age=0',
33 silly registry.get     'content-length': '52',
33 silly registry.get     'accept-ranges': 'bytes',
33 silly registry.get     age: '0',
33 silly registry.get     'x-served-by': 'cache-v41-ASH, cache-sv60-SJC3',
33 silly registry.get     'x-cache': 'MISS, MISS',
33 silly registry.get     'x-cache-hits': '0, 0',
33 silly registry.get     'x-timer': 'S1398563089.848708630,VS0,VS37,VE122,VE160',
33 silly registry.get     'keep-alive': 'timeout=10, max=50',
33 silly registry.get     connection: 'Keep-Alive' } ]
34 silly lockFile 390d7b6a-grunt-contrib-quint-0-5-0 grunt-contrib-quint@~0.5.0
35 silly lockFile 390d7b6a-grunt-contrib-quint-0-5-0 grunt-contrib-quint@~0.5.0
36 error 404 'grunt-contrib-quint' is not in the npm registry.
36 error 404 You should bug the author to publish it
36 error 404 It was specified as a dependency of 'rito-pls'
36 error 404
36 error 404 Note that you can also install from a
36 error 404 tarball, folder, or http url, or git url.
37 error System Linux 3.13.6-1-ARCH
38 error command "/usr/bin/node" "/usr/bin/npm" "install"
39 error cwd /home/bruce/rito-pls
40 error node -v v0.10.26
41 error npm -v 1.4.3
42 error code E404
43 verbose exit [ 1, true ]
